<?xml version="1.0" encoding="UTF-8"?>
<coverage generated="1634126681961" clover="3.2.0">
  <project timestamp="1634126681962" name="All files">
    <metrics statements="37" coveredstatements="29" conditionals="20" coveredconditionals="12" methods="9" coveredmethods="9" elements="66" coveredelements="50" complexity="0" loc="37" ncloc="37" packages="3" files="5" classes="5"/>
    <package name="Observer">
      <metrics statements="9" coveredstatements="9" conditionals="4" coveredconditionals="3" methods="4" coveredmethods="4"/>
      <file name="Observer.ts" path="D:\проекты\fsd\slider\src\plugin\Observer\Observer.ts">
        <metrics statements="9" coveredstatements="9" conditionals="4" coveredconditionals="3" methods="4" coveredmethods="4"/>
        <line num="11" count="1" type="stmt"/>
        <line num="15" count="2" type="cond" truecount="2" falsecount="0"/>
        <line num="16" count="1" type="stmt"/>
        <line num="17" count="1" type="stmt"/>
        <line num="20" count="1" type="stmt"/>
        <line num="24" count="2" type="cond" truecount="1" falsecount="1"/>
        <line num="25" count="2" type="stmt"/>
        <line num="26" count="4" type="stmt"/>
        <line num="32" count="1" type="stmt"/>
      </file>
    </package>
    <package name="helpers">
      <metrics statements="19" coveredstatements="11" conditionals="12" coveredconditionals="5" methods="3" coveredmethods="3"/>
      <file name="isArraysEqual.ts" path="D:\проекты\fsd\slider\src\plugin\helpers\isArraysEqual.ts">
        <metrics statements="7" coveredstatements="6" conditionals="4" coveredconditionals="3" methods="2" coveredmethods="2"/>
        <line num="2" count="2" type="cond" truecount="1" falsecount="1"/>
        <line num="3" count="0" type="stmt"/>
        <line num="6" count="2" type="stmt"/>
        <line num="7" count="2" type="stmt"/>
        <line num="8" count="6" type="cond" truecount="2" falsecount="0"/>
        <line num="11" count="2" type="stmt"/>
        <line num="14" count="1" type="stmt"/>
      </file>
      <file name="setType.ts" path="D:\проекты\fsd\slider\src\plugin\helpers\setType.ts">
        <metrics statements="12" coveredstatements="5" conditionals="8" coveredconditionals="2" methods="1" coveredmethods="1"/>
        <line num="1" count="1" type="stmt"/>
        <line num="5" count="2" type="stmt"/>
        <line num="7" count="0" type="stmt"/>
        <line num="13" count="0" type="stmt"/>
        <line num="15" count="0" type="cond" truecount="0" falsecount="2"/>
        <line num="16" count="0" type="stmt"/>
        <line num="24" count="0" type="stmt"/>
        <line num="26" count="2" type="cond" truecount="1" falsecount="1"/>
        <line num="27" count="2" type="stmt"/>
        <line num="33" count="0" type="stmt"/>
        <line num="35" count="0" type="stmt"/>
        <line num="39" count="1" type="stmt"/>
      </file>
    </package>
    <package name="types">
      <metrics statements="9" coveredstatements="9" conditionals="4" coveredconditionals="4" methods="2" coveredmethods="2"/>
      <file name="interfacesNames.ts" path="D:\проекты\fsd\slider\src\plugin\types\interfacesNames.ts">
        <metrics statements="5" coveredstatements="5" conditionals="2" coveredconditionals="2" methods="1" coveredmethods="1"/>
        <line num="2" count="1" type="cond" truecount="2" falsecount="0"/>
        <line num="3" count="1" type="stmt"/>
        <line num="4" count="1" type="stmt"/>
        <line num="5" count="1" type="stmt"/>
        <line num="8" count="1" type="stmt"/>
      </file>
      <file name="orientation.ts" path="D:\проекты\fsd\slider\src\plugin\types\orientation.ts">
        <metrics statements="4" coveredstatements="4" conditionals="2" coveredconditionals="2" methods="1" coveredmethods="1"/>
        <line num="2" count="2" type="cond" truecount="2" falsecount="0"/>
        <line num="3" count="2" type="stmt"/>
        <line num="4" count="2" type="stmt"/>
        <line num="7" count="2" type="stmt"/>
      </file>
    </package>
  </project>
</coverage>
