{"D:\\проекты\\fsd\\slider\\src\\plugin\\Observer\\Observer.ts": {"path":"D:\\проекты\\fsd\\slider\\src\\plugin\\Observer\\Observer.ts","statementMap":{"0":{"start":{"line":11,"column":4},"end":{"line":11,"column":25}},"1":{"start":{"line":15,"column":4},"end":{"line":18,"column":null}},"2":{"start":{"line":16,"column":6},"end":{"line":16,"column":48}},"3":{"start":{"line":17,"column":6},"end":{"line":17,"column":13}},"4":{"start":{"line":20,"column":4},"end":{"line":20,"column":44}},"5":{"start":{"line":24,"column":4},"end":{"line":28,"column":null}},"6":{"start":{"line":25,"column":6},"end":{"line":27,"column":9}},"7":{"start":{"line":26,"column":8},"end":{"line":26,"column":24}},"8":{"start":{"line":32,"column":0},"end":{"line":32,"column":24}}},"fnMap":{"0":{"name":"(anonymous_0)","decl":{"start":{"line":10,"column":2},"end":{"line":10,"column":null}},"loc":{"start":{"line":10,"column":2},"end":{"line":12,"column":3}}},"1":{"name":"(anonymous_1)","decl":{"start":{"line":14,"column":2},"end":{"line":14,"column":11}},"loc":{"start":{"line":14,"column":65},"end":{"line":21,"column":3}}},"2":{"name":"(anonymous_2)","decl":{"start":{"line":23,"column":2},"end":{"line":23,"column":6}},"loc":{"start":{"line":23,"column":40},"end":{"line":29,"column":3}}},"3":{"name":"(anonymous_3)","decl":{"start":{"line":25,"column":41},"end":{"line":25,"column":42}},"loc":{"start":{"line":25,"column":79},"end":{"line":27,"column":7}}}},"branchMap":{"0":{"loc":{"start":{"line":15,"column":4},"end":{"line":18,"column":null}},"type":"if","locations":[{"start":{"line":15,"column":4},"end":{"line":18,"column":null}},{"start":{"line":15,"column":4},"end":{"line":18,"column":null}}]},"1":{"loc":{"start":{"line":24,"column":4},"end":{"line":28,"column":null}},"type":"if","locations":[{"start":{"line":24,"column":4},"end":{"line":28,"column":null}},{"start":{"line":24,"column":4},"end":{"line":28,"column":null}}]}},"s":{"0":1,"1":2,"2":1,"3":1,"4":1,"5":2,"6":2,"7":4,"8":1},"f":{"0":1,"1":2,"2":2,"3":4},"b":{"0":[1,1],"1":[2,0]}}
,"D:\\проекты\\fsd\\slider\\src\\plugin\\helpers\\isArraysEqual.ts": {"path":"D:\\проекты\\fsd\\slider\\src\\plugin\\helpers\\isArraysEqual.ts","statementMap":{"0":{"start":{"line":2,"column":2},"end":{"line":4,"column":null}},"1":{"start":{"line":3,"column":4},"end":{"line":3,"column":null}},"2":{"start":{"line":6,"column":16},"end":{"line":6,"column":20}},"3":{"start":{"line":7,"column":2},"end":{"line":9,"column":null}},"4":{"start":{"line":8,"column":4},"end":{"line":8,"column":null}},"5":{"start":{"line":11,"column":2},"end":{"line":11,"column":null}},"6":{"start":{"line":14,"column":0},"end":{"line":14,"column":null}}},"fnMap":{"0":{"name":"isArraysEqual","decl":{"start":{"line":1,"column":9},"end":{"line":1,"column":22}},"loc":{"start":{"line":1,"column":57},"end":{"line":12,"column":1}}},"1":{"name":"(anonymous_1)","decl":{"start":{"line":7,"column":15},"end":{"line":7,"column":16}},"loc":{"start":{"line":7,"column":34},"end":{"line":9,"column":3}}}},"branchMap":{"0":{"loc":{"start":{"line":2,"column":2},"end":{"line":4,"column":null}},"type":"if","locations":[{"start":{"line":2,"column":2},"end":{"line":4,"column":null}},{"start":{"line":2,"column":2},"end":{"line":4,"column":null}}]},"1":{"loc":{"start":{"line":8,"column":14},"end":{"line":8,"column":37}},"type":"binary-expr","locations":[{"start":{"line":8,"column":14},"end":{"line":8,"column":37}},{"start":{"line":8,"column":41},"end":{"line":8,"column":48}}]}},"s":{"0":2,"1":0,"2":2,"3":2,"4":6,"5":2,"6":1},"f":{"0":2,"1":6},"b":{"0":[0,2],"1":[6,5]}}
,"D:\\проекты\\fsd\\slider\\src\\plugin\\helpers\\setType.ts": {"path":"D:\\проекты\\fsd\\slider\\src\\plugin\\helpers\\setType.ts","statementMap":{"0":{"start":{"line":1,"column":0},"end":{"line":1,"column":55}},"1":{"start":{"line":5,"column":2},"end":{"line":36,"column":null}},"2":{"start":{"line":7,"column":6},"end":{"line":12,"column":null}},"3":{"start":{"line":13,"column":6},"end":{"line":13,"column":12}},"4":{"start":{"line":15,"column":6},"end":{"line":23,"column":null}},"5":{"start":{"line":16,"column":8},"end":{"line":22,"column":null}},"6":{"start":{"line":24,"column":6},"end":{"line":24,"column":11}},"7":{"start":{"line":26,"column":6},"end":{"line":32,"column":null}},"8":{"start":{"line":27,"column":8},"end":{"line":31,"column":null}},"9":{"start":{"line":33,"column":6},"end":{"line":33,"column":12}},"10":{"start":{"line":35,"column":6},"end":{"line":35,"column":28}},"11":{"start":{"line":39,"column":0},"end":{"line":39,"column":null}}},"fnMap":{"0":{"name":"setType","decl":{"start":{"line":4,"column":9},"end":{"line":4,"column":16}},"loc":{"start":{"line":4,"column":112},"end":{"line":37,"column":1}}}},"branchMap":{"0":{"loc":{"start":{"line":6,"column":4},"end":{"line":13,"column":12}},"type":"switch","locations":[{"start":{"line":6,"column":4},"end":{"line":13,"column":12}},{"start":{"line":14,"column":4},"end":{"line":24,"column":11}},{"start":{"line":25,"column":4},"end":{"line":33,"column":12}},{"start":{"line":34,"column":4},"end":{"line":35,"column":28}}]},"1":{"loc":{"start":{"line":15,"column":6},"end":{"line":23,"column":null}},"type":"if","locations":[{"start":{"line":15,"column":6},"end":{"line":23,"column":null}},{"start":{"line":15,"column":6},"end":{"line":23,"column":null}}]},"2":{"loc":{"start":{"line":26,"column":6},"end":{"line":32,"column":null}},"type":"if","locations":[{"start":{"line":26,"column":6},"end":{"line":32,"column":null}},{"start":{"line":26,"column":6},"end":{"line":32,"column":null}}]}},"s":{"0":1,"1":2,"2":0,"3":0,"4":0,"5":0,"6":0,"7":2,"8":2,"9":0,"10":0,"11":1},"f":{"0":2},"b":{"0":[0,0,2,0],"1":[0,0],"2":[2,0]}}
,"D:\\проекты\\fsd\\slider\\src\\plugin\\types\\interfacesNames.ts": {"path":"D:\\проекты\\fsd\\slider\\src\\plugin\\types\\interfacesNames.ts","statementMap":{"0":{"start":{"line":2,"column":0},"end":{"line":2,"column":null}},"1":{"start":{"line":3,"column":2},"end":{"line":3,"column":null}},"2":{"start":{"line":4,"column":2},"end":{"line":4,"column":null}},"3":{"start":{"line":5,"column":2},"end":{"line":5,"column":null}},"4":{"start":{"line":8,"column":0},"end":{"line":8,"column":null}}},"fnMap":{"0":{"name":"(anonymous_0)","decl":{"start":{"line":2,"column":0},"end":{"line":2,"column":5}},"loc":{"start":{"line":2,"column":20},"end":{"line":6,"column":1}}}},"branchMap":{"0":{"loc":{"start":{"line":2,"column":5},"end":{"line":2,"column":20}},"type":"binary-expr","locations":[{"start":{"line":2,"column":5},"end":{"line":2,"column":20}},{"start":{"line":2,"column":5},"end":{"line":2,"column":null}}]}},"s":{"0":1,"1":1,"2":1,"3":1,"4":1},"f":{"0":1},"b":{"0":[1,1]}}
,"D:\\проекты\\fsd\\slider\\src\\plugin\\types\\orientation.ts": {"path":"D:\\проекты\\fsd\\slider\\src\\plugin\\types\\orientation.ts","statementMap":{"0":{"start":{"line":2,"column":0},"end":{"line":2,"column":null}},"1":{"start":{"line":3,"column":2},"end":{"line":3,"column":null}},"2":{"start":{"line":4,"column":2},"end":{"line":4,"column":null}},"3":{"start":{"line":7,"column":0},"end":{"line":7,"column":null}}},"fnMap":{"0":{"name":"(anonymous_0)","decl":{"start":{"line":2,"column":0},"end":{"line":2,"column":5}},"loc":{"start":{"line":2,"column":16},"end":{"line":5,"column":1}}}},"branchMap":{"0":{"loc":{"start":{"line":2,"column":5},"end":{"line":2,"column":16}},"type":"binary-expr","locations":[{"start":{"line":2,"column":5},"end":{"line":2,"column":16}},{"start":{"line":2,"column":5},"end":{"line":2,"column":null}}]}},"s":{"0":2,"1":2,"2":2,"3":2},"f":{"0":2},"b":{"0":[2,2]}}
}
