TN:
SF:src\plugin\Observer\Observer.ts
FN:10,(anonymous_0)
FN:14,(anonymous_1)
FN:23,(anonymous_2)
FN:25,(anonymous_3)
FNF:4
FNH:4
FNDA:1,(anonymous_0)
FNDA:2,(anonymous_1)
FNDA:2,(anonymous_2)
FNDA:4,(anonymous_3)
DA:11,1
DA:15,2
DA:16,1
DA:17,1
DA:20,1
DA:24,2
DA:25,2
DA:26,4
DA:32,1
LF:9
LH:9
BRDA:15,0,0,1
BRDA:15,0,1,1
BRDA:24,1,0,2
BRDA:24,1,1,0
BRF:4
BRH:3
end_of_record
TN:
SF:src\plugin\helpers\isArraysEqual.ts
FN:1,isArraysEqual
FN:7,(anonymous_1)
FNF:2
FNH:2
FNDA:2,isArraysEqual
FNDA:6,(anonymous_1)
DA:2,2
DA:3,0
DA:6,2
DA:7,2
DA:8,6
DA:11,2
DA:14,1
LF:7
LH:6
BRDA:2,0,0,0
BRDA:2,0,1,2
BRDA:8,1,0,6
BRDA:8,1,1,5
BRF:4
BRH:3
end_of_record
TN:
SF:src\plugin\helpers\setType.ts
FN:4,setType
FNF:1
FNH:1
FNDA:2,setType
DA:1,1
DA:5,2
DA:7,0
DA:13,0
DA:15,0
DA:16,0
DA:24,0
DA:26,2
DA:27,2
DA:33,0
DA:35,0
DA:39,1
LF:12
LH:5
BRDA:6,0,0,0
BRDA:6,0,1,0
BRDA:6,0,2,2
BRDA:6,0,3,0
BRDA:15,1,0,0
BRDA:15,1,1,0
BRDA:26,2,0,2
BRDA:26,2,1,0
BRF:8
BRH:2
end_of_record
TN:
SF:src\plugin\types\interfacesNames.ts
FN:2,(anonymous_0)
FNF:1
FNH:1
FNDA:1,(anonymous_0)
DA:2,1
DA:3,1
DA:4,1
DA:5,1
DA:8,1
LF:5
LH:5
BRDA:2,0,0,1
BRDA:2,0,1,1
BRF:2
BRH:2
end_of_record
TN:
SF:src\plugin\types\orientation.ts
FN:2,(anonymous_0)
FNF:1
FNH:1
FNDA:2,(anonymous_0)
DA:2,2
DA:3,2
DA:4,2
DA:7,2
LF:4
LH:4
BRDA:2,0,0,2
BRDA:2,0,1,2
BRF:2
BRH:2
end_of_record
